<?xml version="1.0" encoding="UTF-8"?>
<!-- Generated by org.testng.reporters.JUnitReportReporter -->
<testsuite hostname="MSI" failures="0" tests="2" name="com.mundijuegos.logoutTest.LogoutTests" time="21.324" errors="0" timestamp="09 juil. 2020 10:18:13 GMT" skipped="0">
  <testcase classname="com.mundijuegos.logoutTest.LogoutTests" name="logoutTest" time="10.452"/>
  <testcase classname="com.mundijuegos.logoutTest.LogoutTests" name="logoutTest" time="10.872"/>
</testsuite> <!-- com.mundijuegos.logoutTest.LogoutTests -->
