<?xml version="1.0" encoding="UTF-8"?>
<!-- Generated by org.testng.reporters.JUnitReportReporter -->
<testsuite hostname="MSI" failures="0" tests="1" name="com.mundijuegos.PositiveTests" time="15.690" errors="0" timestamp="2020-06-14T19:24:05 CEST" skipped="0">
  <testcase classname="com.mundijuegos.PositiveTests" name="loginTest" time="15.690"/>
  <system-out/>
</testsuite> <!-- com.mundijuegos.PositiveTests -->
