<?xml version="1.0" encoding="UTF-8"?>
<!-- Generated by org.testng.reporters.JUnitReportReporter -->
<testsuite hostname="MSI" failures="0" tests="2" name="com.mundijuegos.logoutTest.LogoutTests" time="21.781" errors="0" timestamp="10 juil. 2020 14:14:23 GMT" skipped="0">
  <testcase classname="com.mundijuegos.logoutTest.LogoutTests" name="logoutTest" time="10.442"/>
  <testcase classname="com.mundijuegos.logoutTest.LogoutTests" name="logoutTest" time="11.339"/>
</testsuite> <!-- com.mundijuegos.logoutTest.LogoutTests -->
