<?xml version="1.0" encoding="UTF-8"?>
<!-- Generated by org.testng.reporters.JUnitReportReporter -->
<testsuite hostname="DESKTOP-G6VBFF2" failures="0" tests="2" name="com.mundijuegos.registerTest.RegisterTest" time="21.774" errors="0" timestamp="20 Jul 2020 14:36:27 GMT" skipped="0">
  <testcase classname="com.mundijuegos.registerTest.RegisterTest" name="registerTest" time="10.933"/>
  <testcase classname="com.mundijuegos.registerTest.RegisterTest" name="registerTest" time="10.841"/>
</testsuite> <!-- com.mundijuegos.registerTest.RegisterTest -->
