<?xml version="1.0" encoding="UTF-8"?>
<!-- Generated by org.testng.reporters.JUnitReportReporter -->
<testsuite hostname="DESKTOP-G6VBFF2" failures="0" tests="2" name="com.mundijuegos.videoBingo.VideoBingoTest" time="25.303" errors="0" timestamp="04 Aug 2020 07:34:40 GMT" skipped="0">
  <testcase classname="com.mundijuegos.videoBingo.VideoBingoTest" name="launchVideoBingo" time="14.096"/>
  <testcase classname="com.mundijuegos.videoBingo.VideoBingoTest" name="launchVideoBingo" time="11.207"/>
</testsuite> <!-- com.mundijuegos.videoBingo.VideoBingoTest -->
