<?xml version="1.0" encoding="UTF-8"?>
<!-- Generated by org.testng.reporters.JUnitReportReporter -->
<testsuite hostname="DESKTOP-G6VBFF2" failures="0" tests="2" name="com.mundijuegos.videoBingo.VideoBingoTest" time="24.694" errors="0" timestamp="02 oct. 2020 09:04:15 GMT" skipped="0">
  <testcase classname="com.mundijuegos.videoBingo.VideoBingoTest" name="launchVideoBingo" time="11.762"/>
  <testcase classname="com.mundijuegos.videoBingo.VideoBingoTest" name="launchVideoBingo" time="12.932"/>
</testsuite> <!-- com.mundijuegos.videoBingo.VideoBingoTest -->
