<?xml version="1.0" encoding="UTF-8"?>
<!-- Generated by org.testng.reporters.JUnitReportReporter -->
<testsuite hostname="MSI" failures="0" tests="2" name="com.mundijuegos.registerTest.RegisterTest" time="24.481" errors="0" timestamp="08 juil. 2020 15:57:10 GMT" skipped="0">
  <testcase classname="com.mundijuegos.registerTest.RegisterTest" name="registerTest" time="12.533"/>
  <testcase classname="com.mundijuegos.registerTest.RegisterTest" name="registerTest" time="11.948"/>
</testsuite> <!-- com.mundijuegos.registerTest.RegisterTest -->
