<?xml version="1.0" encoding="UTF-8"?>
<!-- Generated by org.testng.reporters.JUnitReportReporter -->
<testsuite hostname="DESKTOP-G6VBFF2" failures="0" tests="2" name="com.mundijuegos.logoutTest.LogoutTests" time="21.560" errors="0" timestamp="12 Nov 2020 10:13:32 GMT" skipped="0">
  <testcase classname="com.mundijuegos.logoutTest.LogoutTests" name="logoutTest" time="10.875"/>
  <testcase classname="com.mundijuegos.logoutTest.LogoutTests" name="logoutTest" time="10.685"/>
</testsuite> <!-- com.mundijuegos.logoutTest.LogoutTests -->
