<?xml version="1.0" encoding="UTF-8"?>
<!-- Generated by org.testng.reporters.JUnitReportReporter -->
<testsuite hostname="DESKTOP-G6VBFF2" failures="0" tests="4" name="com.mundijuegos.loginTest.LoginTests" time="34.135" errors="0" timestamp="12 Nov 2020 10:05:53 GMT" skipped="0">
  <testcase classname="com.mundijuegos.loginTest.LoginTests" name="positiveLoginTest" time="8.664"/>
  <testcase classname="com.mundijuegos.loginTest.LoginTests" name="positiveLoginTest" time="9.654"/>
  <testcase classname="com.mundijuegos.loginTest.LoginTests" name="negativeLoginTests" time="8.751"/>
  <testcase classname="com.mundijuegos.loginTest.LoginTests" name="negativeLoginTests" time="7.066"/>
</testsuite> <!-- com.mundijuegos.loginTest.LoginTests -->
