<?xml version="1.0" encoding="UTF-8"?>
<!-- Generated by org.testng.reporters.JUnitReportReporter -->
<testsuite hostname="MSI" failures="0" tests="2" name="com.herokuapp.theinternet.LoginTests" time="23.830" errors="0" timestamp="2020-06-22T16:25:31 CEST" skipped="0">
  <testcase classname="com.herokuapp.theinternet.LoginTests" name="positiveLoginTest" time="13.767"/>
  <system-out/>
  <testcase classname="com.herokuapp.theinternet.LoginTests" name="negativeLoginTests" time="10.063"/>
  <system-out/>
</testsuite> <!-- com.herokuapp.theinternet.LoginTests -->
