<?xml version="1.0" encoding="UTF-8"?>
<!-- Generated by org.testng.reporters.JUnitReportReporter -->
<testsuite hostname="MSI" failures="0" tests="2" name="com.mundijuegos.logoutPageTest.LogoutTests" time="21.043" errors="0" timestamp="27 juin 2020 07:46:09 GMT" skipped="0">
  <testcase classname="com.mundijuegos.logoutPageTest.LogoutTests" name="logoutTest" time="11.215"/>
  <testcase classname="com.mundijuegos.logoutPageTest.LogoutTests" name="logoutTest" time="9.828"/>
</testsuite> <!-- com.mundijuegos.logoutPageTest.LogoutTests -->
