<?xml version="1.0" encoding="UTF-8"?>
<!-- Generated by org.testng.reporters.JUnitReportReporter -->
<testsuite hostname="DESKTOP-G6VBFF2" failures="0" tests="2" name="com.mundijuegos.registerTest.RegisterTest" time="20.131" errors="0" timestamp="23 Jul 2020 10:41:59 GMT" skipped="0">
  <testcase classname="com.mundijuegos.registerTest.RegisterTest" name="registerTest" time="9.353"/>
  <testcase classname="com.mundijuegos.registerTest.RegisterTest" name="registerTest" time="10.778"/>
</testsuite> <!-- com.mundijuegos.registerTest.RegisterTest -->
