<?xml version="1.0" encoding="UTF-8"?>
<!-- Generated by org.testng.reporters.JUnitReportReporter -->
<testsuite hostname="MSI" failures="0" tests="2" name="com.mundijuegos.videoBingo.VideoBingoTest" time="28.299" errors="0" timestamp="06 juil. 2020 11:51:41 GMT" skipped="0">
  <testcase classname="com.mundijuegos.videoBingo.VideoBingoTest" name="launchVideoBingo" time="14.650"/>
  <testcase classname="com.mundijuegos.videoBingo.VideoBingoTest" name="launchVideoBingo" time="13.649"/>
</testsuite> <!-- com.mundijuegos.videoBingo.VideoBingoTest -->
