<?xml version="1.0" encoding="UTF-8"?>
<!-- Generated by org.testng.reporters.JUnitReportReporter -->
<testsuite hostname="DESKTOP-G6VBFF2" failures="0" tests="6" name="com.mundijuegos.loginWithFacebook.LoginWithFacebookTest" time="30.017" errors="0" timestamp="12 Nov 2020 10:14:31 GMT" skipped="4">
  <testcase classname="com.mundijuegos.loginWithFacebook.LoginWithFacebookTest" name="positiveFacebookLoginTest" time="15.582"/>
  <testcase classname="com.mundijuegos.loginWithFacebook.LoginWithFacebookTest" name="positiveFacebookLoginTest" time="14.435"/>
  <testcase classname="com.mundijuegos.loginWithFacebook.LoginWithFacebookTest" name="negativeFacebookLoginTest">
    <skipped/>
  </testcase> <!-- negativeFacebookLoginTest -->
  <testcase classname="com.mundijuegos.loginWithFacebook.LoginWithFacebookTest" name="negativeFacebookLoginTest">
    <skipped/>
  </testcase> <!-- negativeFacebookLoginTest -->
  <testcase classname="com.mundijuegos.loginWithFacebook.LoginWithFacebookTest" name="negativeFacebookLoginTest">
    <skipped/>
  </testcase> <!-- negativeFacebookLoginTest -->
  <testcase classname="com.mundijuegos.loginWithFacebook.LoginWithFacebookTest" name="negativeFacebookLoginTest">
    <skipped/>
  </testcase> <!-- negativeFacebookLoginTest -->
</testsuite> <!-- com.mundijuegos.loginWithFacebook.LoginWithFacebookTest -->
