<?xml version="1.0" encoding="UTF-8"?>
<!-- Generated by org.testng.reporters.JUnitReportReporter -->
<testsuite hostname="MSI" failures="0" tests="2" name="com.mundijuegos.videoBingo.VideoBingoTest" time="39.604" errors="0" timestamp="08 juil. 2020 08:11:41 GMT" skipped="0">
  <testcase classname="com.mundijuegos.videoBingo.VideoBingoTest" name="launchVideoBingo" time="17.363"/>
  <testcase classname="com.mundijuegos.videoBingo.VideoBingoTest" name="launchVideoBingo" time="22.241"/>
</testsuite> <!-- com.mundijuegos.videoBingo.VideoBingoTest -->
