<?xml version="1.0" encoding="UTF-8"?>
<!-- Generated by org.testng.reporters.JUnitReportReporter -->
<testsuite hostname="DESKTOP-G6VBFF2" failures="0" tests="2" name="com.mundijuegos.registerTest.RegisterTest" time="19.094" errors="0" timestamp="04 Aug 2020 07:34:40 GMT" skipped="0">
  <testcase classname="com.mundijuegos.registerTest.RegisterTest" name="registerTest" time="8.593"/>
  <testcase classname="com.mundijuegos.registerTest.RegisterTest" name="registerTest" time="10.501"/>
</testsuite> <!-- com.mundijuegos.registerTest.RegisterTest -->
