<?xml version="1.0" encoding="UTF-8"?>
<!-- Generated by org.testng.reporters.JUnitReportReporter -->
<testsuite hostname="MSI" failures="0" tests="2" name="com.mundijuegos.loginWithGoogle.LoginWithGoogleTests" time="35.886" errors="0" timestamp="08 juil. 2020 15:57:10 GMT" skipped="0">
  <testcase classname="com.mundijuegos.loginWithGoogle.LoginWithGoogleTests" name="positiveGoogleLoginTest" time="17.991"/>
  <testcase classname="com.mundijuegos.loginWithGoogle.LoginWithGoogleTests" name="positiveGoogleLoginTest" time="17.895"/>
</testsuite> <!-- com.mundijuegos.loginWithGoogle.LoginWithGoogleTests -->
