<?xml version="1.0" encoding="UTF-8"?>
<!-- Generated by org.testng.reporters.JUnitReportReporter -->
<testsuite hostname="MSI" failures="0" tests="1" name="com.mundijuegos.videoBingo.VideoBingoTest" time="16.701" errors="0" timestamp="07 juil. 2020 20:15:17 GMT" skipped="0">
  <testcase classname="com.mundijuegos.videoBingo.VideoBingoTest" name="launchVideoBingo" time="16.701"/>
</testsuite> <!-- com.mundijuegos.videoBingo.VideoBingoTest -->
