<?xml version="1.0" encoding="UTF-8"?>
<!-- Generated by org.testng.reporters.JUnitReportReporter -->
<testsuite hostname="MSI" failures="0" tests="6" name="com.mundijuegos.TestBug" time="0.014" errors="0" timestamp="22 juin 2020 14:44:56 GMT" skipped="0">
  <testcase classname="com.mundijuegos.TestBug" name="Test3" time="0.001"/>
  <testcase classname="com.mundijuegos.TestBug" name="Test1" time="0.009"/>
  <testcase classname="com.mundijuegos.TestBug" name="Test2" time="0.001"/>
  <testcase classname="com.mundijuegos.TestBug" name="Test2" time="0.001"/>
  <testcase classname="com.mundijuegos.TestBug" name="Test3" time="0.001"/>
  <testcase classname="com.mundijuegos.TestBug" name="Test1" time="0.001"/>
</testsuite> <!-- com.mundijuegos.TestBug -->
