<?xml version="1.0" encoding="UTF-8"?>
<!-- Generated by org.testng.reporters.JUnitReportReporter -->
<testsuite hostname="MSI" failures="0" tests="2" name="com.mundijuegos.registerTest.RegisterTest" time="20.975" errors="0" timestamp="10 juil. 2020 16:44:47 GMT" skipped="0">
  <testcase classname="com.mundijuegos.registerTest.RegisterTest" name="registerTest" time="9.207"/>
  <testcase classname="com.mundijuegos.registerTest.RegisterTest" name="registerTest" time="11.768"/>
</testsuite> <!-- com.mundijuegos.registerTest.RegisterTest -->
