<?xml version="1.0" encoding="UTF-8"?>
<!-- Generated by org.testng.reporters.JUnitReportReporter -->
<testsuite hostname="MSI" failures="0" tests="2" name="com.mundijuegos.registerTest.RegisterTest" time="20.914" errors="0" timestamp="10 juil. 2020 15:15:27 GMT" skipped="0">
  <testcase classname="com.mundijuegos.registerTest.RegisterTest" name="registerTest" time="11.794"/>
  <testcase classname="com.mundijuegos.registerTest.RegisterTest" name="registerTest" time="9.120"/>
</testsuite> <!-- com.mundijuegos.registerTest.RegisterTest -->
