<?xml version="1.0" encoding="UTF-8"?>
<!-- Generated by org.testng.reporters.JUnitReportReporter -->
<testsuite hostname="MSI" failures="0" tests="2" name="com.mundijuegos.loginWithGoogle.LoginWithGoogleTests" time="40.252" errors="0" timestamp="10 juil. 2020 06:27:21 GMT" skipped="0">
  <testcase classname="com.mundijuegos.loginWithGoogle.LoginWithGoogleTests" name="positiveGoogleLoginTest" time="16.200"/>
  <testcase classname="com.mundijuegos.loginWithGoogle.LoginWithGoogleTests" name="positiveGoogleLoginTest" time="24.052"/>
</testsuite> <!-- com.mundijuegos.loginWithGoogle.LoginWithGoogleTests -->
