<?xml version="1.0" encoding="UTF-8"?>
<!-- Generated by org.testng.reporters.JUnitReportReporter -->
<testsuite hostname="DESKTOP-G6VBFF2" failures="0" tests="2" name="com.mundijuegos.registerTest.RegisterTest" time="19.867" errors="0" timestamp="02 oct. 2020 09:04:15 GMT" skipped="0">
  <testcase classname="com.mundijuegos.registerTest.RegisterTest" name="registerTest" time="8.986"/>
  <testcase classname="com.mundijuegos.registerTest.RegisterTest" name="registerTest" time="10.881"/>
</testsuite> <!-- com.mundijuegos.registerTest.RegisterTest -->
