<?xml version="1.0" encoding="UTF-8"?>
<!-- Generated by org.testng.reporters.JUnitReportReporter -->
<testsuite hostname="MSI" failures="0" tests="2" name="com.mundijuegos.logoutTest.LogoutTests" time="22.375" errors="0" timestamp="10 juil. 2020 07:12:08 GMT" skipped="0">
  <testcase classname="com.mundijuegos.logoutTest.LogoutTests" name="logoutTest" time="10.904"/>
  <testcase classname="com.mundijuegos.logoutTest.LogoutTests" name="logoutTest" time="11.471"/>
</testsuite> <!-- com.mundijuegos.logoutTest.LogoutTests -->
