<?xml version="1.0" encoding="UTF-8"?>
<!-- Generated by org.testng.reporters.JUnitReportReporter -->
<testsuite hostname="MSI" failures="0" tests="2" name="com.herokuapp.theinternet.LoginTest2" time="20.464" errors="0" timestamp="2020-06-22T16:27:41 CEST" skipped="0">
  <testcase classname="com.herokuapp.theinternet.LoginTest2" name="positiveLoginTest" time="11.144"/>
  <system-out/>
  <testcase classname="com.herokuapp.theinternet.LoginTest2" name="negativeLoginTests" time="9.320"/>
  <system-out/>
</testsuite> <!-- com.herokuapp.theinternet.LoginTest2 -->
