<?xml version="1.0" encoding="UTF-8"?>
<!-- Generated by org.testng.reporters.JUnitReportReporter -->
<testsuite hostname="DESKTOP-G6VBFF2" failures="0" tests="2" name="com.mundijuegos.videoBingo.VideoBingoTest" time="23.447" errors="0" timestamp="20 Jul 2020 13:58:11 GMT" skipped="0">
  <testcase classname="com.mundijuegos.videoBingo.VideoBingoTest" name="launchVideoBingo" time="11.047"/>
  <testcase classname="com.mundijuegos.videoBingo.VideoBingoTest" name="launchVideoBingo" time="12.400"/>
</testsuite> <!-- com.mundijuegos.videoBingo.VideoBingoTest -->
