<?xml version="1.0" encoding="UTF-8"?>
<!-- Generated by org.testng.reporters.JUnitReportReporter -->
<testsuite hostname="MSI" failures="0" tests="2" name="com.mundijuegos.videoBingo.VideoBingoTest" time="28.138" errors="0" timestamp="08 juil. 2020 06:42:42 GMT" skipped="0">
  <testcase classname="com.mundijuegos.videoBingo.VideoBingoTest" name="launchVideoBingo" time="15.819"/>
  <testcase classname="com.mundijuegos.videoBingo.VideoBingoTest" name="launchVideoBingo" time="12.319"/>
</testsuite> <!-- com.mundijuegos.videoBingo.VideoBingoTest -->
