<?xml version="1.0" encoding="UTF-8"?>
<!-- Generated by org.testng.reporters.JUnitReportReporter -->
<testsuite hostname="MSI" failures="0" tests="2" name="com.mundijuegos.logoutTest.LogoutTests" time="23.744" errors="0" timestamp="06 juil. 2020 15:19:24 GMT" skipped="0">
  <testcase classname="com.mundijuegos.logoutTest.LogoutTests" name="logoutTest" time="13.270"/>
  <testcase classname="com.mundijuegos.logoutTest.LogoutTests" name="logoutTest" time="10.474"/>
</testsuite> <!-- com.mundijuegos.logoutTest.LogoutTests -->
