<?xml version="1.0" encoding="UTF-8"?>
<!-- Generated by org.testng.reporters.JUnitReportReporter -->
<testsuite hostname="MSI" failures="0" tests="2" name="com.mundijuegos.registerTest.RegisterTest" time="21.625" errors="0" timestamp="09 juil. 2020 10:18:13 GMT" skipped="0">
  <testcase classname="com.mundijuegos.registerTest.RegisterTest" name="registerTest" time="10.834"/>
  <testcase classname="com.mundijuegos.registerTest.RegisterTest" name="registerTest" time="10.791"/>
</testsuite> <!-- com.mundijuegos.registerTest.RegisterTest -->
