<?xml version="1.0" encoding="UTF-8"?>
<!-- Generated by org.testng.reporters.JUnitReportReporter -->
<testsuite hostname="MSI" failures="0" tests="4" name="com.mundijuegos.loginPageTest.LoginTests" time="38.796" errors="0" timestamp="27 juin 2020 07:46:09 GMT" skipped="0">
  <testcase classname="com.mundijuegos.loginPageTest.LoginTests" name="positiveLoginTest" time="10.697"/>
  <testcase classname="com.mundijuegos.loginPageTest.LoginTests" name="positiveLoginTest" time="10.832"/>
  <testcase classname="com.mundijuegos.loginPageTest.LoginTests" name="negativeLoginTests" time="7.788"/>
  <testcase classname="com.mundijuegos.loginPageTest.LoginTests" name="negativeLoginTests" time="9.479"/>
</testsuite> <!-- com.mundijuegos.loginPageTest.LoginTests -->
