<?xml version="1.0" encoding="UTF-8"?>
<!-- Generated by org.testng.reporters.JUnitReportReporter -->
<testsuite hostname="MSI" failures="0" tests="2" name="com.mundijuegos.LoginTests" time="23.361" errors="0" timestamp="23 juin 2020 15:40:27 GMT" skipped="0">
  <testcase classname="com.mundijuegos.LoginTests" name="positiveLoginTest" time="13.765"/>
  <testcase classname="com.mundijuegos.LoginTests" name="negativeLoginTests" time="9.596"/>
</testsuite> <!-- com.mundijuegos.LoginTests -->
