<?xml version="1.0" encoding="UTF-8"?>
<!-- Generated by org.testng.reporters.JUnitReportReporter -->
<testsuite hostname="DESKTOP-G6VBFF2" failures="0" tests="2" name="com.mundijuegos.logoutTest.LogoutTests" time="19.337" errors="0" timestamp="04 Aug 2020 07:34:40 GMT" skipped="0">
  <testcase classname="com.mundijuegos.logoutTest.LogoutTests" name="logoutTest" time="9.281"/>
  <testcase classname="com.mundijuegos.logoutTest.LogoutTests" name="logoutTest" time="10.056"/>
</testsuite> <!-- com.mundijuegos.logoutTest.LogoutTests -->
