<?xml version="1.0" encoding="UTF-8"?>
<!-- Generated by org.testng.reporters.JUnitReportReporter -->
<testsuite hostname="DESKTOP-G6VBFF2" failures="0" tests="2" name="com.mundijuegos.registerTest.RegisterTest" time="22.388" errors="0" timestamp="12 Nov 2020 10:17:42 GMT" skipped="0">
  <testcase classname="com.mundijuegos.registerTest.RegisterTest" name="registerTest" time="10.557"/>
  <testcase classname="com.mundijuegos.registerTest.RegisterTest" name="registerTest" time="11.831"/>
</testsuite> <!-- com.mundijuegos.registerTest.RegisterTest -->
