<?xml version="1.0" encoding="UTF-8"?>
<!-- Generated by org.testng.reporters.JUnitReportReporter -->
<testsuite hostname="MSI" failures="0" tests="2" name="com.mundijuegos.NegativeTests" time="25.877" errors="0" timestamp="2020-06-17T12:35:53 CEST" skipped="0">
  <testcase classname="com.mundijuegos.NegativeTests" name="negativeTestsWithChrome" time="14.212"/>
  <system-out/>
  <testcase classname="com.mundijuegos.NegativeTests" name="negativeTestsWithFirefox" time="11.665"/>
  <system-out/>
</testsuite> <!-- com.mundijuegos.NegativeTests -->
