<?xml version="1.0" encoding="UTF-8"?>
<!-- Generated by org.testng.reporters.JUnitReportReporter -->
<testsuite hostname="MSI" failures="0" tests="2" name="com.mundijuegos.logoutTest.LogoutTests" time="68.525" errors="0" timestamp="10 juil. 2020 17:39:25 GMT" skipped="0">
  <testcase classname="com.mundijuegos.logoutTest.LogoutTests" name="logoutTest" time="33.977"/>
  <testcase classname="com.mundijuegos.logoutTest.LogoutTests" name="logoutTest" time="34.548"/>
</testsuite> <!-- com.mundijuegos.logoutTest.LogoutTests -->
