<?xml version="1.0" encoding="UTF-8"?>
<!-- Generated by org.testng.reporters.JUnitReportReporter -->
<testsuite hostname="MSI" failures="0" tests="2" name="com.mundijuegos.videoBingo.VideoBingoTest" time="29.160" errors="0" timestamp="09 juil. 2020 16:56:19 GMT" skipped="0">
  <testcase classname="com.mundijuegos.videoBingo.VideoBingoTest" name="launchVideoBingo" time="13.319"/>
  <testcase classname="com.mundijuegos.videoBingo.VideoBingoTest" name="launchVideoBingo" time="15.841"/>
</testsuite> <!-- com.mundijuegos.videoBingo.VideoBingoTest -->
