<?xml version="1.0" encoding="UTF-8"?>
<!-- Generated by org.testng.reporters.JUnitReportReporter -->
<testsuite hostname="DESKTOP-G6VBFF2" failures="0" tests="2" name="com.mundijuegos.logoutTest.LogoutTests" time="18.642" errors="0" timestamp="20 Jul 2020 15:05:25 GMT" skipped="0">
  <testcase classname="com.mundijuegos.logoutTest.LogoutTests" name="logoutTest" time="9.242"/>
  <testcase classname="com.mundijuegos.logoutTest.LogoutTests" name="logoutTest" time="9.400"/>
</testsuite> <!-- com.mundijuegos.logoutTest.LogoutTests -->
