<?xml version="1.0" encoding="UTF-8"?>
<!-- Generated by org.testng.reporters.JUnitReportReporter -->
<testsuite hostname="MSI" failures="0" tests="2" name="com.mundijuegos.logoutTest.LogoutTests" time="26.603" errors="0" timestamp="08 juil. 2020 15:57:10 GMT" skipped="0">
  <testcase classname="com.mundijuegos.logoutTest.LogoutTests" name="logoutTest" time="14.479"/>
  <testcase classname="com.mundijuegos.logoutTest.LogoutTests" name="logoutTest" time="12.124"/>
</testsuite> <!-- com.mundijuegos.logoutTest.LogoutTests -->
