<?xml version="1.0" encoding="UTF-8"?>
<!-- Generated by org.testng.reporters.JUnitReportReporter -->
<testsuite hostname="DESKTOP-G6VBFF2" failures="0" tests="2" name="com.mundijuegos.videoBingo.VideoBingoTest" time="28.790" errors="0" timestamp="20 Jul 2020 15:05:25 GMT" skipped="0">
  <testcase classname="com.mundijuegos.videoBingo.VideoBingoTest" name="launchVideoBingo" time="15.520"/>
  <testcase classname="com.mundijuegos.videoBingo.VideoBingoTest" name="launchVideoBingo" time="13.270"/>
</testsuite> <!-- com.mundijuegos.videoBingo.VideoBingoTest -->
