<?xml version="1.0" encoding="UTF-8"?>
<!-- Generated by org.testng.reporters.JUnitReportReporter -->
<testsuite hostname="DESKTOP-G6VBFF2" failures="0" tests="1" name="com.mundijuegos.logoutTest.LogoutTests" time="15.828" errors="0" timestamp="04 oct. 2020 15:36:18 GMT" skipped="0">
  <testcase classname="com.mundijuegos.logoutTest.LogoutTests" name="logoutTest" time="15.828"/>
</testsuite> <!-- com.mundijuegos.logoutTest.LogoutTests -->
