<?xml version="1.0" encoding="UTF-8"?>
<!-- Generated by org.testng.reporters.JUnitReportReporter -->
<testsuite hostname="DESKTOP-G6VBFF2" failures="0" tests="2" name="com.mundijuegos.logoutTest.LogoutTests" time="26.121" errors="0" timestamp="20 Jul 2020 13:58:10 GMT" skipped="0">
  <testcase classname="com.mundijuegos.logoutTest.LogoutTests" name="logoutTest" time="14.167"/>
  <testcase classname="com.mundijuegos.logoutTest.LogoutTests" name="logoutTest" time="11.954"/>
</testsuite> <!-- com.mundijuegos.logoutTest.LogoutTests -->
