<?xml version="1.0" encoding="UTF-8"?>
<!-- Generated by org.testng.reporters.JUnitReportReporter -->
<testsuite hostname="MSI" failures="0" tests="2" name="com.mundijuegos.loginWithGoogle.LoginWithGoogleTests" time="29.522" errors="0" timestamp="03 juil. 2020 14:07:23 GMT" skipped="0">
  <testcase classname="com.mundijuegos.loginWithGoogle.LoginWithGoogleTests" name="positiveGoogleLoginTest" time="13.413"/>
  <testcase classname="com.mundijuegos.loginWithGoogle.LoginWithGoogleTests" name="positiveGoogleLoginTest" time="16.109"/>
</testsuite> <!-- com.mundijuegos.loginWithGoogle.LoginWithGoogleTests -->
