<?xml version="1.0" encoding="UTF-8"?>
<!-- Generated by org.testng.reporters.JUnitReportReporter -->
<testsuite hostname="DESKTOP-G6VBFF2" failures="0" tests="2" name="com.mundijuegos.registerTest.RegisterTest" time="20.053" errors="0" timestamp="20 Jul 2020 15:05:25 GMT" skipped="0">
  <testcase classname="com.mundijuegos.registerTest.RegisterTest" name="registerTest" time="8.156"/>
  <testcase classname="com.mundijuegos.registerTest.RegisterTest" name="registerTest" time="11.897"/>
</testsuite> <!-- com.mundijuegos.registerTest.RegisterTest -->
