<?xml version="1.0" encoding="UTF-8"?>
<!-- Generated by org.testng.reporters.JUnitReportReporter -->
<testsuite hostname="MSI" failures="0" tests="4" name="com.mundijuegos.loginTest.LoginTests" time="47.697" errors="0" timestamp="08 juil. 2020 15:57:10 GMT" skipped="0">
  <testcase classname="com.mundijuegos.loginTest.LoginTests" name="positiveLoginTest" time="13.848"/>
  <testcase classname="com.mundijuegos.loginTest.LoginTests" name="positiveLoginTest" time="12.487"/>
  <testcase classname="com.mundijuegos.loginTest.LoginTests" name="negativeLoginTests" time="9.817"/>
  <testcase classname="com.mundijuegos.loginTest.LoginTests" name="negativeLoginTests" time="11.545"/>
</testsuite> <!-- com.mundijuegos.loginTest.LoginTests -->
