<?xml version="1.0" encoding="UTF-8"?>
<!-- Generated by org.testng.reporters.JUnitReportReporter -->
<testsuite hostname="MSI" failures="0" tests="2" name="com.mundijuegos.videoBingo.VideoBingoTest" time="29.076" errors="0" timestamp="10 juil. 2020 15:14:56 GMT" skipped="0">
  <testcase classname="com.mundijuegos.videoBingo.VideoBingoTest" name="launchVideoBingo" time="12.763"/>
  <testcase classname="com.mundijuegos.videoBingo.VideoBingoTest" name="launchVideoBingo" time="16.313"/>
</testsuite> <!-- com.mundijuegos.videoBingo.VideoBingoTest -->
