<?xml version="1.0" encoding="UTF-8"?>
<!-- Generated by org.testng.reporters.JUnitReportReporter -->
<testsuite hostname="DESKTOP-G6VBFF2" failures="0" tests="4" name="com.mundijuegos.loginTest.LoginTests" time="40.543" errors="0" timestamp="23 Jul 2020 10:41:59 GMT" skipped="0">
  <testcase classname="com.mundijuegos.loginTest.LoginTests" name="positiveLoginTest" time="10.920"/>
  <testcase classname="com.mundijuegos.loginTest.LoginTests" name="positiveLoginTest" time="11.260"/>
  <testcase classname="com.mundijuegos.loginTest.LoginTests" name="negativeLoginTests" time="9.564"/>
  <testcase classname="com.mundijuegos.loginTest.LoginTests" name="negativeLoginTests" time="8.799"/>
</testsuite> <!-- com.mundijuegos.loginTest.LoginTests -->
