<?xml version="1.0" encoding="UTF-8"?>
<!-- Generated by org.testng.reporters.JUnitReportReporter -->
<testsuite hostname="MSI" failures="0" tests="2" name="com.mundijuegos.registerTest.RegisterTest" time="25.016" errors="0" timestamp="03 juil. 2020 14:07:23 GMT" skipped="0">
  <testcase classname="com.mundijuegos.registerTest.RegisterTest" name="registerTest" time="10.234"/>
  <testcase classname="com.mundijuegos.registerTest.RegisterTest" name="registerTest" time="14.782"/>
</testsuite> <!-- com.mundijuegos.registerTest.RegisterTest -->
