<?xml version="1.0" encoding="UTF-8"?>
<!-- Generated by org.testng.reporters.JUnitReportReporter -->
<testsuite hostname="DESKTOP-G6VBFF2" failures="0" tests="2" name="com.mundijuegos.videoBingo.VideoBingoTest" time="26.209" errors="0" timestamp="23 Jul 2020 10:41:59 GMT" skipped="0">
  <testcase classname="com.mundijuegos.videoBingo.VideoBingoTest" name="launchVideoBingo" time="12.798"/>
  <testcase classname="com.mundijuegos.videoBingo.VideoBingoTest" name="launchVideoBingo" time="13.411"/>
</testsuite> <!-- com.mundijuegos.videoBingo.VideoBingoTest -->
