<?xml version="1.0" encoding="UTF-8"?>
<!-- Generated by org.testng.reporters.JUnitReportReporter -->
<testsuite hostname="MSI" failures="0" tests="2" name="com.mundijuegos.registerTest.RegisterTest" time="24.571" errors="0" timestamp="10 juil. 2020 06:15:02 GMT" skipped="0">
  <testcase classname="com.mundijuegos.registerTest.RegisterTest" name="registerTest" time="12.217"/>
  <testcase classname="com.mundijuegos.registerTest.RegisterTest" name="registerTest" time="12.354"/>
</testsuite> <!-- com.mundijuegos.registerTest.RegisterTest -->
