<?xml version="1.0" encoding="UTF-8"?>
<!-- Generated by org.testng.reporters.JUnitReportReporter -->
<testsuite hostname="DESKTOP-G6VBFF2" failures="0" tests="2" name="com.mundijuegos.registerTest.RegisterTest" time="18.756" errors="0" timestamp="12 Nov 2020 14:27:21 GMT" skipped="0">
  <testcase classname="com.mundijuegos.registerTest.RegisterTest" name="registerTest" time="8.478"/>
  <testcase classname="com.mundijuegos.registerTest.RegisterTest" name="registerTest" time="10.278"/>
</testsuite> <!-- com.mundijuegos.registerTest.RegisterTest -->
