<?xml version="1.0" encoding="UTF-8"?>
<!-- Generated by org.testng.reporters.JUnitReportReporter -->
<testsuite hostname="MSI" failures="0" tests="2" name="com.mundijuegos.logoutTest.LogoutTests" time="20.496" errors="0" timestamp="08 juil. 2020 15:22:43 GMT" skipped="0">
  <testcase classname="com.mundijuegos.logoutTest.LogoutTests" name="logoutTest" time="10.493"/>
  <testcase classname="com.mundijuegos.logoutTest.LogoutTests" name="logoutTest" time="10.003"/>
</testsuite> <!-- com.mundijuegos.logoutTest.LogoutTests -->
