<?xml version="1.0" encoding="UTF-8"?>
<!-- Generated by org.testng.reporters.JUnitReportReporter -->
<testsuite hostname="MSI" failures="0" tests="6" name="com.mundijuegos.loginWithFacebook.LoginWithFacebookTest" time="31.327" errors="0" timestamp="10 juil. 2020 06:15:02 GMT" skipped="4">
  <testcase classname="com.mundijuegos.loginWithFacebook.LoginWithFacebookTest" name="positiveFacebookLoginTest" time="14.412"/>
  <testcase classname="com.mundijuegos.loginWithFacebook.LoginWithFacebookTest" name="positiveFacebookLoginTest" time="16.915"/>
  <testcase classname="com.mundijuegos.loginWithFacebook.LoginWithFacebookTest" name="negativeFacebookLoginTest">
    <skipped/>
  </testcase> <!-- negativeFacebookLoginTest -->
  <testcase classname="com.mundijuegos.loginWithFacebook.LoginWithFacebookTest" name="negativeFacebookLoginTest">
    <skipped/>
  </testcase> <!-- negativeFacebookLoginTest -->
  <testcase classname="com.mundijuegos.loginWithFacebook.LoginWithFacebookTest" name="negativeFacebookLoginTest">
    <skipped/>
  </testcase> <!-- negativeFacebookLoginTest -->
  <testcase classname="com.mundijuegos.loginWithFacebook.LoginWithFacebookTest" name="negativeFacebookLoginTest">
    <skipped/>
  </testcase> <!-- negativeFacebookLoginTest -->
</testsuite> <!-- com.mundijuegos.loginWithFacebook.LoginWithFacebookTest -->
