<?xml version="1.0" encoding="UTF-8"?>
<!-- Generated by org.testng.reporters.JUnitReportReporter -->
<testsuite hostname="MSI" failures="0" tests="2" name="com.mundijuegos.loginWithGoogle.LoginWithGoogleTests" time="28.840" errors="0" timestamp="06 juil. 2020 12:09:32 GMT" skipped="0">
  <testcase classname="com.mundijuegos.loginWithGoogle.LoginWithGoogleTests" name="positiveGoogleLoginTest" time="13.001"/>
  <testcase classname="com.mundijuegos.loginWithGoogle.LoginWithGoogleTests" name="positiveGoogleLoginTest" time="15.839"/>
</testsuite> <!-- com.mundijuegos.loginWithGoogle.LoginWithGoogleTests -->
