<?xml version="1.0" encoding="UTF-8"?>
<!-- Generated by org.testng.reporters.JUnitReportReporter -->
<testsuite hostname="MSI" failures="0" tests="4" name="com.mundijuegos.loginTest.LoginTests" time="47.348" errors="0" timestamp="10 juil. 2020 06:15:02 GMT" skipped="0">
  <testcase classname="com.mundijuegos.loginTest.LoginTests" name="positiveLoginTest" time="12.427"/>
  <testcase classname="com.mundijuegos.loginTest.LoginTests" name="positiveLoginTest" time="13.671"/>
  <testcase classname="com.mundijuegos.loginTest.LoginTests" name="negativeLoginTests" time="10.630"/>
  <testcase classname="com.mundijuegos.loginTest.LoginTests" name="negativeLoginTests" time="10.620"/>
</testsuite> <!-- com.mundijuegos.loginTest.LoginTests -->
