<?xml version="1.0" encoding="UTF-8"?>
<!-- Generated by org.testng.reporters.JUnitReportReporter -->
<testsuite hostname="MSI" failures="0" tests="2" name="com.mundijuegos.registerTest.RegisterTest" time="22.966" errors="0" timestamp="06 juil. 2020 12:09:32 GMT" skipped="0">
  <testcase classname="com.mundijuegos.registerTest.RegisterTest" name="registerTest" time="12.115"/>
  <testcase classname="com.mundijuegos.registerTest.RegisterTest" name="registerTest" time="10.851"/>
</testsuite> <!-- com.mundijuegos.registerTest.RegisterTest -->
