<?xml version="1.0" encoding="UTF-8"?>
<!-- Generated by org.testng.reporters.JUnitReportReporter -->
<testsuite hostname="DESKTOP-G6VBFF2" failures="0" tests="2" name="com.mundijuegos.logoutTest.LogoutTests" time="18.471" errors="0" timestamp="20 Jul 2020 15:12:29 GMT" skipped="0">
  <testcase classname="com.mundijuegos.logoutTest.LogoutTests" name="logoutTest" time="9.724"/>
  <testcase classname="com.mundijuegos.logoutTest.LogoutTests" name="logoutTest" time="8.747"/>
</testsuite> <!-- com.mundijuegos.logoutTest.LogoutTests -->
