<?xml version="1.0" encoding="UTF-8"?>
<!-- Generated by org.testng.reporters.JUnitReportReporter -->
<testsuite hostname="MSI" failures="0" tests="4" name="com.mundijuegos.loginTest.LoginTests" time="37.905" errors="0" timestamp="06 juil. 2020 12:09:32 GMT" skipped="0">
  <testcase classname="com.mundijuegos.loginTest.LoginTests" name="positiveLoginTest" time="11.208"/>
  <testcase classname="com.mundijuegos.loginTest.LoginTests" name="positiveLoginTest" time="9.511"/>
  <testcase classname="com.mundijuegos.loginTest.LoginTests" name="negativeLoginTests" time="9.278"/>
  <testcase classname="com.mundijuegos.loginTest.LoginTests" name="negativeLoginTests" time="7.908"/>
</testsuite> <!-- com.mundijuegos.loginTest.LoginTests -->
