<?xml version="1.0" encoding="UTF-8"?>
<!-- Generated by org.testng.reporters.JUnitReportReporter -->
<testsuite hostname="DESKTOP-G6VBFF2" failures="0" tests="6" name="com.mundijuegos.loginWithFacebook.LoginWithFacebookTest" time="25.865" errors="0" timestamp="20 Jul 2020 15:12:29 GMT" skipped="4">
  <testcase classname="com.mundijuegos.loginWithFacebook.LoginWithFacebookTest" name="positiveFacebookLoginTest" time="12.254"/>
  <testcase classname="com.mundijuegos.loginWithFacebook.LoginWithFacebookTest" name="positiveFacebookLoginTest" time="13.611"/>
  <testcase classname="com.mundijuegos.loginWithFacebook.LoginWithFacebookTest" name="negativeFacebookLoginTest">
    <skipped/>
  </testcase> <!-- negativeFacebookLoginTest -->
  <testcase classname="com.mundijuegos.loginWithFacebook.LoginWithFacebookTest" name="negativeFacebookLoginTest">
    <skipped/>
  </testcase> <!-- negativeFacebookLoginTest -->
  <testcase classname="com.mundijuegos.loginWithFacebook.LoginWithFacebookTest" name="negativeFacebookLoginTest">
    <skipped/>
  </testcase> <!-- negativeFacebookLoginTest -->
  <testcase classname="com.mundijuegos.loginWithFacebook.LoginWithFacebookTest" name="negativeFacebookLoginTest">
    <skipped/>
  </testcase> <!-- negativeFacebookLoginTest -->
</testsuite> <!-- com.mundijuegos.loginWithFacebook.LoginWithFacebookTest -->
