<?xml version="1.0" encoding="UTF-8"?>
<!-- Generated by org.testng.reporters.JUnitReportReporter -->
<testsuite hostname="MSI" failures="0" tests="2" name="com.mundijuegos.registerTest.RegisterTest" time="21.383" errors="0" timestamp="08 juil. 2020 15:22:43 GMT" skipped="0">
  <testcase classname="com.mundijuegos.registerTest.RegisterTest" name="registerTest" time="10.640"/>
  <testcase classname="com.mundijuegos.registerTest.RegisterTest" name="registerTest" time="10.743"/>
</testsuite> <!-- com.mundijuegos.registerTest.RegisterTest -->
