<?xml version="1.0" encoding="UTF-8"?>
<!-- Generated by org.testng.reporters.JUnitReportReporter -->
<testsuite hostname="DESKTOP-G6VBFF2" failures="0" tests="2" name="com.mundijuegos.logoutTest.LogoutTests" time="24.235" errors="0" timestamp="12 Nov 2020 14:27:21 GMT" skipped="0">
  <testcase classname="com.mundijuegos.logoutTest.LogoutTests" name="logoutTest" time="14.239"/>
  <testcase classname="com.mundijuegos.logoutTest.LogoutTests" name="logoutTest" time="9.996"/>
</testsuite> <!-- com.mundijuegos.logoutTest.LogoutTests -->
